<?xml version="1.0" encoding="UTF-8"?>
<testng-results ignored="0" total="1" passed="1" failed="0" skipped="0">
  <reporter-output>
  </reporter-output>
  <suite started-at="2025-11-23T18:29:54 IST" name="Default suite" finished-at="2025-11-23T18:30:24 IST" duration-ms="30189">
    <groups>
    </groups>
    <test started-at="2025-11-23T18:29:54 IST" name="Default test" finished-at="2025-11-23T18:30:24 IST" duration-ms="30189">
      <class name="testcases.Tc_001_CreateLead_Functionality">
        <test-method is-config="true" signature="preCond()[pri:0, instance:testcases.Tc_001_CreateLead_Functionality@32b260fa]" started-at="2025-11-23T18:29:54 IST" name="preCond" finished-at="2025-11-23T18:30:13 IST" duration-ms="18825" status="PASS">
          <reporter-output>
          </reporter-output>
        </test-method> <!-- preCond -->
        <test-method signature="LoginPage()[pri:0, instance:testcases.Tc_001_CreateLead_Functionality@32b260fa]" started-at="2025-11-23T18:30:13 IST" name="LoginPage" finished-at="2025-11-23T18:30:23 IST" duration-ms="10160" status="PASS">
          <reporter-output>
          </reporter-output>
        </test-method> <!-- LoginPage -->
        <test-method is-config="true" signature="postCond()[pri:0, instance:testcases.Tc_001_CreateLead_Functionality@32b260fa]" started-at="2025-11-23T18:30:23 IST" name="postCond" finished-at="2025-11-23T18:30:24 IST" duration-ms="1106" status="PASS">
          <reporter-output>
          </reporter-output>
        </test-method> <!-- postCond -->
      </class> <!-- testcases.Tc_001_CreateLead_Functionality -->
    </test> <!-- Default test -->
  </suite> <!-- Default suite -->
</testng-results>
