<?xml version="1.0" encoding="UTF-8"?>
<testng-results ignored="0" total="3" passed="3" failed="0" skipped="0">
  <reporter-output>
  </reporter-output>
  <suite started-at="2025-11-28T19:07:26 IST" name="Default suite" finished-at="2025-11-28T19:08:33 IST" duration-ms="67544">
    <groups>
      <group name="cucumber">
        <method signature="AbstractTestNGCucumberTests.runScenario(io.cucumber.testng.PickleWrapper,io.cucumber.testng.FeatureWrapper)[pri:0, instance:runner.RunnerCucumber@437da279]" name="runScenario" class="io.cucumber.testng.AbstractTestNGCucumberTests"/>
      </group> <!-- cucumber -->
    </groups>
    <test started-at="2025-11-28T19:07:26 IST" name="Default test" finished-at="2025-11-28T19:08:33 IST" duration-ms="67544">
      <class name="runner.RunnerCucumber">
        <test-method is-config="true" signature="setUpClass(org.testng.ITestContext)[pri:0, instance:runner.RunnerCucumber@437da279]" started-at="2025-11-28T19:07:26 IST" name="setUpClass" finished-at="2025-11-28T19:07:26 IST" duration-ms="416" status="PASS">
          <params>
            <param index="0">
              <value>
                <![CDATA[org.testng.TestRunner@1d8b0500]]>
              </value>
            </param>
          </params>
          <reporter-output>
          </reporter-output>
        </test-method> <!-- setUpClass -->
        <test-method signature="runScenario(io.cucumber.testng.PickleWrapper,io.cucumber.testng.FeatureWrapper)[pri:0, instance:runner.RunnerCucumber@437da279]" started-at="2025-11-28T19:07:26 IST" name="runScenario" description="Runs Cucumber Scenarios" data-provider="scenarios" finished-at="2025-11-28T19:07:47 IST" duration-ms="20448" status="PASS">
          <params>
            <param index="0">
              <value>
                <![CDATA["Login the testleaf application and create the account"]]>
              </value>
            </param>
            <param index="1">
              <value>
                <![CDATA["Create the account in the application"]]>
              </value>
            </param>
          </params>
          <reporter-output>
          </reporter-output>
        </test-method> <!-- runScenario -->
        <test-method signature="runScenario(io.cucumber.testng.PickleWrapper,io.cucumber.testng.FeatureWrapper)[pri:0, instance:runner.RunnerCucumber@437da279]" started-at="2025-11-28T19:07:47 IST" name="runScenario" description="Runs Cucumber Scenarios" data-provider="scenarios" finished-at="2025-11-28T19:08:08 IST" duration-ms="21280" status="PASS">
          <params>
            <param index="0">
              <value>
                <![CDATA["Login the testleaf application and edit the account"]]>
              </value>
            </param>
            <param index="1">
              <value>
                <![CDATA["Delete the account in the application"]]>
              </value>
            </param>
          </params>
          <reporter-output>
          </reporter-output>
        </test-method> <!-- runScenario -->
        <test-method signature="runScenario(io.cucumber.testng.PickleWrapper,io.cucumber.testng.FeatureWrapper)[pri:0, instance:runner.RunnerCucumber@437da279]" started-at="2025-11-28T19:08:08 IST" name="runScenario" description="Runs Cucumber Scenarios" data-provider="scenarios" finished-at="2025-11-28T19:08:31 IST" duration-ms="23160" status="PASS">
          <params>
            <param index="0">
              <value>
                <![CDATA["Login the testleaf application and edit the account"]]>
              </value>
            </param>
            <param index="1">
              <value>
                <![CDATA["Edit the account in the application"]]>
              </value>
            </param>
          </params>
          <reporter-output>
          </reporter-output>
        </test-method> <!-- runScenario -->
        <test-method is-config="true" signature="tearDownClass()[pri:0, instance:runner.RunnerCucumber@437da279]" started-at="2025-11-28T19:08:31 IST" name="tearDownClass" finished-at="2025-11-28T19:08:33 IST" duration-ms="2216" status="PASS">
          <reporter-output>
          </reporter-output>
        </test-method> <!-- tearDownClass -->
      </class> <!-- runner.RunnerCucumber -->
    </test> <!-- Default test -->
  </suite> <!-- Default suite -->
</testng-results>
