<?xml version="1.0" encoding="UTF-8"?>
<!-- Generated by org.testng.reporters.JUnitReportReporter -->
<testsuite hostname="CLAYFIN-LP303" failures="0" tests="3" name="runner.RunnerCucumber" time="64.888" errors="0" timestamp="2025-11-28T19:08:33 IST" skipped="0">
  <testcase classname="runner.RunnerCucumber" name="runScenario" time="23.160"/>
  <system-out/>
  <testcase classname="runner.RunnerCucumber" name="runScenario" time="20.448"/>
  <system-out/>
  <testcase classname="runner.RunnerCucumber" name="runScenario" time="21.280"/>
  <system-out/>
</testsuite> <!-- runner.RunnerCucumber -->
